<?xml version="1.0" encoding="UTF-8"?>
<!-- Generated by org.testng.reporters.JUnitXMLReporter -->
<testsuite ignored="0" hostname="192.168.1.4" failures="0" tests="5" name="Test" time="42.767" errors="0" timestamp="2024-03-08T18:47:05 IST">
  <testcase classname="testsuite.MainTest" name="searchInput" time="7.987"/>
  <testcase classname="testsuite.MainTest" name="tapOnFilter" time="5.37"/>
  <testcase classname="testsuite.MainTest" name="getList" time="7.49"/>
  <testcase classname="testsuite.MainTest" name="clickOnProduct" time="2.84"/>
  <testcase classname="testsuite.MainTest" name="clickBuyAndSignIn" time="7.421"/>
</testsuite> <!-- Test -->
