<?xml version="1.0" encoding="UTF-8"?>
<!-- Generated by org.testng.reporters.JUnitXMLReporter -->
<testsuite ignored="0" hostname="192.168.1.4" failures="0" tests="3" name="Test" time="155.381" errors="0" timestamp="2024-03-08T18:48:34 IST">
  <testcase classname="testSuite.MainTest" name="searchBox" time="25.683"/>
  <testcase classname="testSuite.MainTest" name="filterPrice" time="40.001"/>
  <testcase classname="testSuite.MainTest" name="getResult" time="29.644"/>
</testsuite> <!-- Test -->
