<?xml version="1.0" encoding="UTF-8"?>
<!-- Generated by org.testng.reporters.JUnitXMLReporter -->
<testsuite ignored="0" hostname="192.168.1.9" failures="0" tests="5" name="Default test" time="30.853" errors="0" timestamp="2024-03-02T10:22:20 IST">
  <testcase classname="testsuite.MainTest" name="searchInput" time="6.146"/>
  <testcase classname="testsuite.MainTest" name="tapOnFilter" time="2.911"/>
  <testcase classname="testsuite.MainTest" name="getList" time="5.999"/>
  <testcase classname="testsuite.MainTest" name="clickOnProduct" time="2.549"/>
  <testcase classname="testsuite.MainTest" name="clickBuyAndSignIn" time="6.227"/>
</testsuite> <!-- Default test -->
